0 info it worked if it ends with ok
1 verbose cli [ 'node', '/usr/local/bin/npm', 'start' ]
2 info using npm@1.1.48
3 info using node@v0.8.6
4 verbose config file /Users/ilia/.npmrc
5 verbose config file /usr/local/etc/npmrc
6 verbose config file /usr/local/lib/node_modules/npm/npmrc
7 verbose read json /Users/ilia/Projects/swap/package.json
8 verbose run-script [ 'prestart', 'start', 'poststart' ]
9 info prestart swap@0.0.1
10 info start swap@0.0.1
11 verbose unsafe-perm in lifecycle true
12 silly exec sh "-c" "./bin/swap"
13 silly sh,-c,./bin/swap,/Users/ilia/Projects/swap spawning
14 info swap@0.0.1 Failed to exec start script
15 error swap@0.0.1 start: `./bin/swap`
15 error `sh "-c" "./bin/swap"` failed with 1
16 error Failed at the swap@0.0.1 start script.
16 error This is most likely a problem with the swap package,
16 error not with npm itself.
16 error Tell the author that this fails on your system:
16 error     ./bin/swap
16 error You can get their info via:
16 error     npm owner ls swap
16 error There is likely additional logging output above.
17 error System Darwin 11.4.2
18 error command "node" "/usr/local/bin/npm" "start"
19 error cwd /Users/ilia/Projects/swap
20 error node -v v0.8.6
21 error npm -v 1.1.48
22 error code ELIFECYCLE
23 verbose exit [ 1, true ]
